Hyper Casual/Temp/gradleOut/launcher/build/intermediates/manifest_merge_blame_file/release/manifest-merger-blame-release-report.txt
1<?xml version="1.0" encoding="utf-8"?>
2<!-- GENERATED BY UNITY. REMOVE THIS COMMENT TO PREVENT OVERWRITING WHEN EXPORTING AGAIN -->
3<manifest xmlns:android="http://schemas.android.com/apk/res/android"
4    package="com.MehmethanSar.HyperCasual"
5    android:installLocation="preferExternal"
6    android:versionCode="1"
7    android:versionName="0.1" >
8
9    <uses-sdk
10        android:minSdkVersion="19"
10-->src\main\AndroidManifest.xml
11        android:targetSdkVersion="29" />
11-->src\main\AndroidManifest.xml
12
13    <supports-screens
13-->src\main\AndroidManifest.xml:4:3-163
14        android:anyDensity="true"
14-->src\main\AndroidManifest.xml:4:135-160
15        android:largeScreens="true"
15-->src\main\AndroidManifest.xml:4:78-105
16        android:normalScreens="true"
16-->src\main\AndroidManifest.xml:4:49-77
17        android:smallScreens="true"
17-->src\main\AndroidManifest.xml:4:21-48
18        android:xlargeScreens="true" />
18-->src\main\AndroidManifest.xml:4:106-134
19
20    <uses-feature android:glEsVersion="0x00030000" />
20-->[:unityLibrary] AndroidManifest.xml:13:5-54
20-->[:unityLibrary] AndroidManifest.xml:13:19-51
21    <uses-feature
21-->[:unityLibrary] AndroidManifest.xml:14:5-16:36
22        android:name="android.hardware.vulkan.version"
22-->[:unityLibrary] AndroidManifest.xml:15:9-55
23        android:required="false" />
23-->[:unityLibrary] AndroidManifest.xml:16:9-33
24
25    <uses-permission android:name="android.permission.INTERNET" />
25-->[:unityLibrary] AndroidManifest.xml:18:5-67
25-->[:unityLibrary] AndroidManifest.xml:18:22-64
26
27    <uses-feature
27-->[:unityLibrary] AndroidManifest.xml:20:5-22:36
28        android:name="android.hardware.touchscreen"
28-->[:unityLibrary] AndroidManifest.xml:21:9-52
29        android:required="false" />
29-->[:unityLibrary] AndroidManifest.xml:22:9-33
30    <uses-feature
30-->[:unityLibrary] AndroidManifest.xml:23:5-25:36
31        android:name="android.hardware.touchscreen.multitouch"
31-->[:unityLibrary] AndroidManifest.xml:24:9-63
32        android:required="false" />
32-->[:unityLibrary] AndroidManifest.xml:25:9-33
33    <uses-feature
33-->[:unityLibrary] AndroidManifest.xml:26:5-28:36
34        android:name="android.hardware.touchscreen.multitouch.distinct"
34-->[:unityLibrary] AndroidManifest.xml:27:9-72
35        android:required="false" />
35-->[:unityLibrary] AndroidManifest.xml:28:9-33
36
37    <uses-permission android:name="android.permission.ACCESS_NETWORK_STATE" />
37-->[:UnityAds:] AndroidManifest.xml:11:5-79
37-->[:UnityAds:] AndroidManifest.xml:11:22-76
38
39    <application
39-->src\main\AndroidManifest.xml:5:3-116
40        android:extractNativeLibs="true"
40-->src\main\AndroidManifest.xml:5:16-48
41        android:icon="@mipmap/app_icon"
41-->src\main\AndroidManifest.xml:5:82-113
42        android:label="@string/app_name" >
42-->src\main\AndroidManifest.xml:5:49-81
43        <activity
43-->[:unityLibrary] AndroidManifest.xml:31:9-50:20
44            android:name="com.unity3d.player.UnityPlayerActivity"
44-->[:unityLibrary] AndroidManifest.xml:32:13-66
45            android:configChanges="mcc|mnc|locale|touchscreen|keyboard|keyboardHidden|navigation|orientation|screenLayout|uiMode|screenSize|smallestScreenSize|fontScale|layoutDirection|density"
45-->[:unityLibrary] AndroidManifest.xml:33:13-194
46            android:hardwareAccelerated="false"
46-->[:unityLibrary] AndroidManifest.xml:34:13-48
47            android:launchMode="singleTask"
47-->[:unityLibrary] AndroidManifest.xml:35:13-44
48            android:screenOrientation="fullSensor"
48-->[:unityLibrary] AndroidManifest.xml:36:13-51
49            android:theme="@style/UnityThemeSelector" >
49-->[:unityLibrary] AndroidManifest.xml:37:13-54
50            <intent-filter>
50-->[:unityLibrary] AndroidManifest.xml:38:13-42:29
51                <action android:name="android.intent.action.MAIN" />
51-->[:unityLibrary] AndroidManifest.xml:39:17-69
51-->[:unityLibrary] AndroidManifest.xml:39:25-66
52
53                <category android:name="android.intent.category.LAUNCHER" />
53-->[:unityLibrary] AndroidManifest.xml:41:17-77
53-->[:unityLibrary] AndroidManifest.xml:41:27-74
54            </intent-filter>
55
56            <meta-data
56-->[:unityLibrary] AndroidManifest.xml:44:13-46:40
57                android:name="unityplayer.UnityActivity"
57-->[:unityLibrary] AndroidManifest.xml:45:17-57
58                android:value="true" />
58-->[:unityLibrary] AndroidManifest.xml:46:17-37
59            <meta-data
59-->[:unityLibrary] AndroidManifest.xml:47:13-49:40
60                android:name="android.notch_support"
60-->[:unityLibrary] AndroidManifest.xml:48:17-53
61                android:value="true" />
61-->[:unityLibrary] AndroidManifest.xml:49:17-37
62        </activity>
63
64        <meta-data
64-->[:unityLibrary] AndroidManifest.xml:52:9-54:33
65            android:name="unity.splash-mode"
65-->[:unityLibrary] AndroidManifest.xml:53:13-45
66            android:value="0" />
66-->[:unityLibrary] AndroidManifest.xml:54:13-30
67        <meta-data
67-->[:unityLibrary] AndroidManifest.xml:55:9-57:36
68            android:name="unity.splash-enable"
68-->[:unityLibrary] AndroidManifest.xml:56:13-47
69            android:value="True" />
69-->[:unityLibrary] AndroidManifest.xml:57:13-33
70        <meta-data
70-->[:unityLibrary] AndroidManifest.xml:58:9-60:50
71            android:name="notch.config"
71-->[:unityLibrary] AndroidManifest.xml:59:13-40
72            android:value="portrait|landscape" />
72-->[:unityLibrary] AndroidManifest.xml:60:13-47
73        <meta-data
73-->[:unityLibrary] AndroidManifest.xml:61:9-63:68
74            android:name="unity.build-id"
74-->[:unityLibrary] AndroidManifest.xml:62:13-42
75            android:value="7a9f5ce1-58ed-4e46-a979-79691110ee21" />
75-->[:unityLibrary] AndroidManifest.xml:63:13-65
76
77        <activity
77-->[:UnityAds:] AndroidManifest.xml:15:9-19:74
78            android:name="com.unity3d.services.ads.adunit.AdUnitActivity"
78-->[:UnityAds:] AndroidManifest.xml:16:13-74
79            android:configChanges="fontScale|keyboard|keyboardHidden|locale|mnc|mcc|navigation|orientation|screenLayout|screenSize|smallestScreenSize|uiMode|touchscreen"
79-->[:UnityAds:] AndroidManifest.xml:17:13-170
80            android:hardwareAccelerated="true"
80-->[:UnityAds:] AndroidManifest.xml:18:13-47
81            android:theme="@android:style/Theme.NoTitleBar.Fullscreen" />
81-->[:UnityAds:] AndroidManifest.xml:19:13-71
82        <activity
82-->[:UnityAds:] AndroidManifest.xml:20:9-24:86
83            android:name="com.unity3d.services.ads.adunit.AdUnitTransparentActivity"
83-->[:UnityAds:] AndroidManifest.xml:21:13-85
84            android:configChanges="fontScale|keyboard|keyboardHidden|locale|mnc|mcc|navigation|orientation|screenLayout|screenSize|smallestScreenSize|uiMode|touchscreen"
84-->[:UnityAds:] AndroidManifest.xml:22:13-170
85            android:hardwareAccelerated="true"
85-->[:UnityAds:] AndroidManifest.xml:23:13-47
86            android:theme="@android:style/Theme.Translucent.NoTitleBar.Fullscreen" />
86-->[:UnityAds:] AndroidManifest.xml:24:13-83
87        <activity
87-->[:UnityAds:] AndroidManifest.xml:25:9-29:86
88            android:name="com.unity3d.services.ads.adunit.AdUnitTransparentSoftwareActivity"
88-->[:UnityAds:] AndroidManifest.xml:26:13-93
89            android:configChanges="fontScale|keyboard|keyboardHidden|locale|mnc|mcc|navigation|orientation|screenLayout|screenSize|smallestScreenSize|uiMode|touchscreen"
89-->[:UnityAds:] AndroidManifest.xml:27:13-170
90            android:hardwareAccelerated="false"
90-->[:UnityAds:] AndroidManifest.xml:28:13-48
91            android:theme="@android:style/Theme.Translucent.NoTitleBar.Fullscreen" />
91-->[:UnityAds:] AndroidManifest.xml:29:13-83
92        <activity
92-->[:UnityAds:] AndroidManifest.xml:30:9-34:74
93            android:name="com.unity3d.services.ads.adunit.AdUnitSoftwareActivity"
93-->[:UnityAds:] AndroidManifest.xml:31:13-82
94            android:configChanges="fontScale|keyboard|keyboardHidden|locale|mnc|mcc|navigation|orientation|screenLayout|screenSize|smallestScreenSize|uiMode|touchscreen"
94-->[:UnityAds:] AndroidManifest.xml:32:13-170
95            android:hardwareAccelerated="false"
95-->[:UnityAds:] AndroidManifest.xml:33:13-48
96            android:theme="@android:style/Theme.NoTitleBar.Fullscreen" />
96-->[:UnityAds:] AndroidManifest.xml:34:13-71
97    </application>
98
99</manifest>